[debug] ----------------------------------------------------------------------
[debug] Command:      C:\Program Files\nodejs\node.exe C:\Users\Gebruiker\AppData\Roaming\npm\node_modules\firebase-tools\bin\firebase deploy
[debug] CLI Version:  3.2.3
[debug] Platform:     win32
[debug] Node Version: v4.4.7
[debug] Time:         Tue Feb 14 2017 20:35:57 GMT+0100 (West-Europa (standaardtijd))
[debug] ----------------------------------------------------------------------
[debug] 
[debug] > command requires scopes: ["email","openid","https://www.googleapis.com/auth/cloudplatformprojects.readonly","https://www.googleapis.com/auth/firebase"]
[debug] > refreshing access token with scopes: ["email","https://www.googleapis.com/auth/cloudplatformprojects.readonly","https://www.googleapis.com/auth/firebase","openid"]
[debug] >>> HTTP REQUEST POST https://www.googleapis.com/oauth2/v3/token { refresh_token: '1/qiR3aKHr3-N-zD6IHq1kSkxt_GRMT2jIXT-nW2lzTZAkP4npcACaC_99rhx4J9Rn',
  client_id: '563584335869-fgrhgmd47bqnekij5i8b5pr03ho849e6.apps.googleusercontent.com',
  client_secret: 'j9iVZfS8kkCEFUPaAeJV0sAi',
  grant_type: 'refresh_token',
  scope: 'email https://www.googleapis.com/auth/cloudplatformprojects.readonly https://www.googleapis.com/auth/firebase openid' } 
 Tue Feb 14 2017 20:35:57 GMT+0100 (West-Europa (standaardtijd))
[debug] <<< HTTP RESPONSE 200
[debug] >>> HTTP REQUEST GET https://admin.firebase.com/v1/projects/elinshoeve  
 Tue Feb 14 2017 20:35:57 GMT+0100 (West-Europa (standaardtijd))
[debug] <<< HTTP RESPONSE 200
[debug] >>> HTTP REQUEST GET https://admin.firebase.com/v1/database/elinshoeve/tokens  
 Tue Feb 14 2017 20:35:58 GMT+0100 (West-Europa (standaardtijd))
[debug] <<< HTTP RESPONSE 200
[info] 
[info] === Deploying to 'elinshoeve'...
[info] 
[info] i  deploying database, hosting
[info] +  database: rules ready to deploy.
[info] i  hosting: preparing build/bundled directory for upload...
[debug] >>> HTTP REQUEST PUT https://deploy.firebase.com/v1/hosting/elinshoeve/uploads/-Kcy6yBf5sp8qzA_odYB?fileCount=264&message=  
 Tue Feb 14 2017 20:36:03 GMT+0100 (West-Europa (standaardtijd))
